Build started 11/10/2015 11:01:11 AM.
     1>Project "c:\Users\lbednarz\documents\visual studio 2010\Projects\C_Memory_Management\01_Practice_using_pointers\01_Practice_using_pointers.vcxproj" on node 2 (build target(s)).
     1>InitializeBuildStatus:
         Touching "Debug\01_Practice_using_pointers.unsuccessfulbuild".
       ClCompile:
         All outputs are up-to-date.
         c:\Program Files (x86)\Microsoft Visual Studio 10.0\VC\bin\CL.exe /c /ZI /nologo /W3 /WX- /Od /Oy- /D WIN32 /D _DEBUG /D _CONSOLE /D _UNICODE /D UNICODE /Gm /EHsc /RTC1 /MDd /GS /fp:precise /Zc:wchar_t /Zc:forScope /Yu"StdAfx.h" /Fp"Debug\01_Practice_using_pointers.pch" /Fo"Debug\\" /Fd"Debug\vc100.pdb" /Gd /TP /analyze- /errorReport:prompt 01_Practice_using_pointers.cpp
         01_Practice_using_pointers.cpp
       ManifestResourceCompile:
         c:\Program Files (x86)\Microsoft SDKs\Windows\v7.0A\bin\rc.exe /nologo /fo"Debug\01_Practice_using_pointers.exe.embed.manifest.res" Debug\01_Practice_using_pointers_manifest.rc 
       Link:
         c:\Program Files (x86)\Microsoft Visual Studio 10.0\VC\bin\link.exe /ERRORREPORT:PROMPT /OUT:"c:\users\lbednarz\documents\visual studio 2010\Projects\C_Memory_Management\Debug\01_Practice_using_pointers.exe" /INCREMENTAL /NOLOGO kernel32.lib user32.lib gdi32.lib winspool.lib comdlg32.lib advapi32.lib shell32.lib ole32.lib oleaut32.lib uuid.lib odbc32.lib odbccp32.lib /MANIFEST /ManifestFile:"Debug\01_Practice_using_pointers.exe.intermediate.manifest" /MANIFESTUAC:"level='asInvoker' uiAccess='false'" /DEBUG /PDB:"c:\users\lbednarz\documents\visual studio 2010\Projects\C_Memory_Management\Debug\01_Practice_using_pointers.pdb" /SUBSYSTEM:CONSOLE /TLBID:1 /DYNAMICBASE /NXCOMPAT /IMPLIB:"c:\users\lbednarz\documents\visual studio 2010\Projects\C_Memory_Management\Debug\01_Practice_using_pointers.lib" /MACHINE:X86 Debug\01_Practice_using_pointers.exe.embed.manifest.res
         Debug\01_Practice_using_pointers.obj
         Debug\stdafx.obj
       Manifest:
         c:\Program Files (x86)\Microsoft SDKs\Windows\v7.0A\bin\mt.exe /nologo /verbose /out:"Debug\01_Practice_using_pointers.exe.embed.manifest" /manifest Debug\01_Practice_using_pointers.exe.intermediate.manifest
         c:\Program Files (x86)\Microsoft SDKs\Windows\v7.0A\bin\rc.exe /nologo /fo"Debug\01_Practice_using_pointers.exe.embed.manifest.res" Debug\01_Practice_using_pointers_manifest.rc 
       LinkEmbedManifest:
         c:\Program Files (x86)\Microsoft Visual Studio 10.0\VC\bin\link.exe /ERRORREPORT:PROMPT /OUT:"c:\users\lbednarz\documents\visual studio 2010\Projects\C_Memory_Management\Debug\01_Practice_using_pointers.exe" /INCREMENTAL /NOLOGO kernel32.lib user32.lib gdi32.lib winspool.lib comdlg32.lib advapi32.lib shell32.lib ole32.lib oleaut32.lib uuid.lib odbc32.lib odbccp32.lib /MANIFEST /ManifestFile:"Debug\01_Practice_using_pointers.exe.intermediate.manifest" /MANIFESTUAC:"level='asInvoker' uiAccess='false'" /DEBUG /PDB:"c:\users\lbednarz\documents\visual studio 2010\Projects\C_Memory_Management\Debug\01_Practice_using_pointers.pdb" /SUBSYSTEM:CONSOLE /TLBID:1 /DYNAMICBASE /NXCOMPAT /IMPLIB:"c:\users\lbednarz\documents\visual studio 2010\Projects\C_Memory_Management\Debug\01_Practice_using_pointers.lib" /MACHINE:X86 Debug\01_Practice_using_pointers.exe.embed.manifest.res
         Debug\01_Practice_using_pointers.obj
         Debug\stdafx.obj
         01_Practice_using_pointers.vcxproj -> c:\users\lbednarz\documents\visual studio 2010\Projects\C_Memory_Management\Debug\01_Practice_using_pointers.exe
       FinalizeBuildStatus:
         Deleting file "Debug\01_Practice_using_pointers.unsuccessfulbuild".
         Touching "Debug\01_Practice_using_pointers.lastbuildstate".
     1>Done Building Project "c:\Users\lbednarz\documents\visual studio 2010\Projects\C_Memory_Management\01_Practice_using_pointers\01_Practice_using_pointers.vcxproj" (build target(s)).

Build succeeded.

Time Elapsed 00:00:03.76
