Build started 11/11/2015 10:32:41 AM.
     1>Project "c:\Users\lbednarz\documents\visual studio 2010\Projects\C_Memory_Management\02_Practice_using_pointers_with_structures\02_Practice_using_pointers_with_structures.vcxproj" on node 2 (build target(s)).
     1>InitializeBuildStatus:
         Creating "Debug\02_Practice_using_pointers_with_structures.unsuccessfulbuild" because "AlwaysCreate" was specified.
       ClCompile:
         All outputs are up-to-date.
         c:\Program Files (x86)\Microsoft Visual Studio 10.0\VC\bin\CL.exe /c /ZI /nologo /W3 /WX- /Od /Oy- /D WIN32 /D _DEBUG /D _CONSOLE /D _UNICODE /D UNICODE /Gm /EHsc /RTC1 /MDd /GS /fp:precise /Zc:wchar_t /Zc:forScope /Yu"StdAfx.h" /Fp"Debug\02_Practice_using_pointers_with_structures.pch" /Fo"Debug\\" /Fd"Debug\vc100.pdb" /Gd /TP /analyze- /errorReport:prompt 02_Practice_using_pointers_with_structures.cpp
         02_Practice_using_pointers_with_structures.cpp
       ManifestResourceCompile:
         All outputs are up-to-date.
       Link:
         c:\Program Files (x86)\Microsoft Visual Studio 10.0\VC\bin\link.exe /ERRORREPORT:PROMPT /OUT:"c:\users\lbednarz\documents\visual studio 2010\Projects\C_Memory_Management\Debug\02_Practice_using_pointers_with_structures.exe" /INCREMENTAL /NOLOGO kernel32.lib user32.lib gdi32.lib winspool.lib comdlg32.lib advapi32.lib shell32.lib ole32.lib oleaut32.lib uuid.lib odbc32.lib odbccp32.lib /MANIFEST /ManifestFile:"Debug\02_Practice_using_pointers_with_structures.exe.intermediate.manifest" /MANIFESTUAC:"level='asInvoker' uiAccess='false'" /DEBUG /PDB:"c:\users\lbednarz\documents\visual studio 2010\Projects\C_Memory_Management\Debug\02_Practice_using_pointers_with_structures.pdb" /SUBSYSTEM:CONSOLE /TLBID:1 /DYNAMICBASE /NXCOMPAT /IMPLIB:"c:\users\lbednarz\documents\visual studio 2010\Projects\C_Memory_Management\Debug\02_Practice_using_pointers_with_structures.lib" /MACHINE:X86 Debug\02_Practice_using_pointers_with_structures.exe.embed.manifest.res
         Debug\02_Practice_using_pointers_with_structures.obj
         Debug\stdafx.obj
       Manifest:
         c:\Program Files (x86)\Microsoft SDKs\Windows\v7.0A\bin\mt.exe /nologo /verbose /out:"Debug\02_Practice_using_pointers_with_structures.exe.embed.manifest" /manifest Debug\02_Practice_using_pointers_with_structures.exe.intermediate.manifest
         All outputs are up-to-date.
       LinkEmbedManifest:
         All outputs are up-to-date.
         02_Practice_using_pointers_with_structures.vcxproj -> c:\users\lbednarz\documents\visual studio 2010\Projects\C_Memory_Management\Debug\02_Practice_using_pointers_with_structures.exe
       FinalizeBuildStatus:
         Deleting file "Debug\02_Practice_using_pointers_with_structures.unsuccessfulbuild".
         Touching "Debug\02_Practice_using_pointers_with_structures.lastbuildstate".
     1>Done Building Project "c:\Users\lbednarz\documents\visual studio 2010\Projects\C_Memory_Management\02_Practice_using_pointers_with_structures\02_Practice_using_pointers_with_structures.vcxproj" (build target(s)).

Build succeeded.

Time Elapsed 00:00:02.27
