Build started 11/11/2015 10:50:12 AM.
     1>Project "c:\Users\lbednarz\documents\visual studio 2010\Projects\C_Memory_Management\03_Practice_with_malloc_free_and_realloc\03_Practice_with_malloc_free_and_realloc.vcxproj" on node 2 (build target(s)).
     1>InitializeBuildStatus:
         Creating "Debug\03_Practice_with_malloc_free_and_realloc.unsuccessfulbuild" because "AlwaysCreate" was specified.
       ClCompile:
         All outputs are up-to-date.
         c:\Program Files (x86)\Microsoft Visual Studio 10.0\VC\bin\CL.exe /c /ZI /nologo /W3 /WX- /Od /Oy- /D WIN32 /D _DEBUG /D _CONSOLE /D _UNICODE /D UNICODE /Gm /EHsc /RTC1 /MDd /GS /fp:precise /Zc:wchar_t /Zc:forScope /Yu"StdAfx.h" /Fp"Debug\03_Practice_with_malloc_free_and_realloc.pch" /Fo"Debug\\" /Fd"Debug\vc100.pdb" /Gd /TP /analyze- /errorReport:prompt Array.cpp
         Array.cpp
     1>c:\users\lbednarz\documents\visual studio 2010\projects\c_memory_management\03_practice_with_malloc_free_and_realloc\array.cpp(57): warning C4244: 'initializing' : conversion from 'double' to 'int', possible loss of data
       ManifestResourceCompile:
         All outputs are up-to-date.
       Link:
         c:\Program Files (x86)\Microsoft Visual Studio 10.0\VC\bin\link.exe /ERRORREPORT:PROMPT /OUT:"c:\users\lbednarz\documents\visual studio 2010\Projects\C_Memory_Management\Debug\03_Practice_with_malloc_free_and_realloc.exe" /INCREMENTAL /NOLOGO kernel32.lib user32.lib gdi32.lib winspool.lib comdlg32.lib advapi32.lib shell32.lib ole32.lib oleaut32.lib uuid.lib odbc32.lib odbccp32.lib /MANIFEST /ManifestFile:"Debug\03_Practice_with_malloc_free_and_realloc.exe.intermediate.manifest" /MANIFESTUAC:"level='asInvoker' uiAccess='false'" /DEBUG /PDB:"c:\users\lbednarz\documents\visual studio 2010\Projects\C_Memory_Management\Debug\03_Practice_with_malloc_free_and_realloc.pdb" /SUBSYSTEM:CONSOLE /TLBID:1 /DYNAMICBASE /NXCOMPAT /IMPLIB:"c:\users\lbednarz\documents\visual studio 2010\Projects\C_Memory_Management\Debug\03_Practice_with_malloc_free_and_realloc.lib" /MACHINE:X86 Debug\03_Practice_with_malloc_free_and_realloc.exe.embed.manifest.res
         Debug\03_Practice_with_malloc_free_and_realloc.obj
         Debug\Array.obj
         Debug\stdafx.obj
       Manifest:
         c:\Program Files (x86)\Microsoft SDKs\Windows\v7.0A\bin\mt.exe /nologo /verbose /out:"Debug\03_Practice_with_malloc_free_and_realloc.exe.embed.manifest" /manifest Debug\03_Practice_with_malloc_free_and_realloc.exe.intermediate.manifest
         All outputs are up-to-date.
       LinkEmbedManifest:
         All outputs are up-to-date.
         03_Practice_with_malloc_free_and_realloc.vcxproj -> c:\users\lbednarz\documents\visual studio 2010\Projects\C_Memory_Management\Debug\03_Practice_with_malloc_free_and_realloc.exe
       FinalizeBuildStatus:
         Deleting file "Debug\03_Practice_with_malloc_free_and_realloc.unsuccessfulbuild".
         Touching "Debug\03_Practice_with_malloc_free_and_realloc.lastbuildstate".
     1>Done Building Project "c:\Users\lbednarz\documents\visual studio 2010\Projects\C_Memory_Management\03_Practice_with_malloc_free_and_realloc\03_Practice_with_malloc_free_and_realloc.vcxproj" (build target(s)).

Build succeeded.

Time Elapsed 00:00:01.17
