Build started 11/12/2015 3:40:35 PM.
     1>Project "c:\Users\lbednarz\documents\visual studio 2010\Projects\C_Memory_Management\07_Practice_using_virtual_functions_in_C\07_Practice_using_virtual_functions_in_C.vcxproj" on node 2 (build target(s)).
     1>InitializeBuildStatus:
         Touching "Debug\07_Practice_using_virtual_functions_in_C.unsuccessfulbuild".
       ClCompile:
         All outputs are up-to-date.
         c:\Program Files (x86)\Microsoft Visual Studio 10.0\VC\bin\CL.exe /c /ZI /nologo /W3 /WX- /Od /Oy- /D WIN32 /D _DEBUG /D _CONSOLE /D _UNICODE /D UNICODE /Gm /EHsc /RTC1 /MDd /GS /fp:precise /Zc:wchar_t /Zc:forScope /Yu"StdAfx.h" /Fp"Debug\07_Practice_using_virtual_functions_in_C.pch" /Fo"Debug\\" /Fd"Debug\vc100.pdb" /Gd /TP /analyze- /errorReport:prompt 07_Practice_using_virtual_functions_in_C.cpp
         07_Practice_using_virtual_functions_in_C.cpp
       ManifestResourceCompile:
         All outputs are up-to-date.
       Link:
         c:\Program Files (x86)\Microsoft Visual Studio 10.0\VC\bin\link.exe /ERRORREPORT:PROMPT /OUT:"c:\users\lbednarz\documents\visual studio 2010\Projects\C_Memory_Management\Debug\07_Practice_using_virtual_functions_in_C.exe" /INCREMENTAL /NOLOGO kernel32.lib user32.lib gdi32.lib winspool.lib comdlg32.lib advapi32.lib shell32.lib ole32.lib oleaut32.lib uuid.lib odbc32.lib odbccp32.lib /MANIFEST /ManifestFile:"Debug\07_Practice_using_virtual_functions_in_C.exe.intermediate.manifest" /MANIFESTUAC:"level='asInvoker' uiAccess='false'" /DEBUG /PDB:"c:\users\lbednarz\documents\visual studio 2010\Projects\C_Memory_Management\Debug\07_Practice_using_virtual_functions_in_C.pdb" /SUBSYSTEM:CONSOLE /TLBID:1 /DYNAMICBASE /NXCOMPAT /IMPLIB:"c:\users\lbednarz\documents\visual studio 2010\Projects\C_Memory_Management\Debug\07_Practice_using_virtual_functions_in_C.lib" /MACHINE:X86 Debug\07_Practice_using_virtual_functions_in_C.exe.embed.manifest.res
         Debug\07_Practice_using_virtual_functions_in_C.obj
         Debug\stdafx.obj
       Manifest:
         c:\Program Files (x86)\Microsoft SDKs\Windows\v7.0A\bin\mt.exe /nologo /verbose /out:"Debug\07_Practice_using_virtual_functions_in_C.exe.embed.manifest" /manifest Debug\07_Practice_using_virtual_functions_in_C.exe.intermediate.manifest
         All outputs are up-to-date.
       LinkEmbedManifest:
         All outputs are up-to-date.
         07_Practice_using_virtual_functions_in_C.vcxproj -> c:\users\lbednarz\documents\visual studio 2010\Projects\C_Memory_Management\Debug\07_Practice_using_virtual_functions_in_C.exe
       FinalizeBuildStatus:
         Deleting file "Debug\07_Practice_using_virtual_functions_in_C.unsuccessfulbuild".
         Touching "Debug\07_Practice_using_virtual_functions_in_C.lastbuildstate".
     1>Done Building Project "c:\Users\lbednarz\documents\visual studio 2010\Projects\C_Memory_Management\07_Practice_using_virtual_functions_in_C\07_Practice_using_virtual_functions_in_C.vcxproj" (build target(s)).

Build succeeded.

Time Elapsed 00:00:01.25
