Build started 11/12/2015 11:51:48 AM.
     1>Project "c:\Users\lbednarz\documents\visual studio 2010\Projects\C_Memory_Management\04_Practice_using_opaque_pointers\04_Practice_using_opaque_pointers.vcxproj" on node 2 (build target(s)).
     1>InitializeBuildStatus:
         Creating "Debug\04_Practice_using_opaque_pointers.unsuccessfulbuild" because "AlwaysCreate" was specified.
       ClCompile:
         All outputs are up-to-date.
         c:\Program Files (x86)\Microsoft Visual Studio 10.0\VC\bin\CL.exe /c /ZI /nologo /W3 /WX- /Od /Oy- /D WIN32 /D _DEBUG /D _CONSOLE /D _UNICODE /D UNICODE /Gm /EHsc /RTC1 /MDd /GS /fp:precise /Zc:wchar_t /Zc:forScope /Yu"StdAfx.h" /Fp"Debug\04_Practice_using_opaque_pointers.pch" /Fo"Debug\\" /Fd"Debug\vc100.pdb" /Gd /TP /analyze- /errorReport:prompt 04_Practice_using_opaque_pointers.cpp
         04_Practice_using_opaque_pointers.cpp
       ManifestResourceCompile:
         All outputs are up-to-date.
       Link:
         c:\Program Files (x86)\Microsoft Visual Studio 10.0\VC\bin\link.exe /ERRORREPORT:PROMPT /OUT:"c:\users\lbednarz\documents\visual studio 2010\Projects\C_Memory_Management\Debug\04_Practice_using_opaque_pointers.exe" /INCREMENTAL /NOLOGO kernel32.lib user32.lib gdi32.lib winspool.lib comdlg32.lib advapi32.lib shell32.lib ole32.lib oleaut32.lib uuid.lib odbc32.lib odbccp32.lib /MANIFEST /ManifestFile:"Debug\04_Practice_using_opaque_pointers.exe.intermediate.manifest" /MANIFESTUAC:"level='asInvoker' uiAccess='false'" /DEBUG /PDB:"c:\users\lbednarz\documents\visual studio 2010\Projects\C_Memory_Management\Debug\04_Practice_using_opaque_pointers.pdb" /SUBSYSTEM:CONSOLE /TLBID:1 /DYNAMICBASE /NXCOMPAT /IMPLIB:"c:\users\lbednarz\documents\visual studio 2010\Projects\C_Memory_Management\Debug\04_Practice_using_opaque_pointers.lib" /MACHINE:X86 Debug\04_Practice_using_opaque_pointers.exe.embed.manifest.res
         Debug\04_Practice_using_opaque_pointers.obj
         Debug\stdafx.obj
         Debug\Student.obj
       Manifest:
         c:\Program Files (x86)\Microsoft SDKs\Windows\v7.0A\bin\mt.exe /nologo /verbose /out:"Debug\04_Practice_using_opaque_pointers.exe.embed.manifest" /manifest Debug\04_Practice_using_opaque_pointers.exe.intermediate.manifest
         All outputs are up-to-date.
       LinkEmbedManifest:
         All outputs are up-to-date.
         04_Practice_using_opaque_pointers.vcxproj -> c:\users\lbednarz\documents\visual studio 2010\Projects\C_Memory_Management\Debug\04_Practice_using_opaque_pointers.exe
       FinalizeBuildStatus:
         Deleting file "Debug\04_Practice_using_opaque_pointers.unsuccessfulbuild".
         Touching "Debug\04_Practice_using_opaque_pointers.lastbuildstate".
     1>Done Building Project "c:\Users\lbednarz\documents\visual studio 2010\Projects\C_Memory_Management\04_Practice_using_opaque_pointers\04_Practice_using_opaque_pointers.vcxproj" (build target(s)).

Build succeeded.

Time Elapsed 00:00:02.38
